18.01.2022 2:34:43	Этот журнал содержит сведения об операции импорта схемы в проект "Instance" на компьютере "HPALBE", выполненной пользователем "ALBE".
18.01.2022 2:34:43	Импорт схемы базы данных начат.
18.01.2022 2:34:47	Идет сбор учетных данных для базы данных
18.01.2022 2:34:47	Идет сбор параметров базы данных
18.01.2022 2:34:47	Собирается параметр конфигурации области универсальной базы данных
18.01.2022 2:34:47	Идет сбор пользователей
18.01.2022 2:34:47	Идет сбор ролей
18.01.2022 2:34:47	Идет сбор ролей приложений
18.01.2022 2:34:47	Идет сбор членств ролей
18.01.2022 2:34:47	Идет сбор файловых групп
18.01.2022 2:34:47	Идет сбор полнотекстовых каталогов
18.01.2022 2:34:47	Идет сбор сборок
18.01.2022 2:34:47	Идет сбор сертификатов
18.01.2022 2:34:47	Идет сбор асимметричных ключей
18.01.2022 2:34:47	Идет сбор симметричных ключей
18.01.2022 2:34:47	Идет сбор зашифрованных симметричных ключей
18.01.2022 2:34:47	Идет сбор схем
18.01.2022 2:34:47	Идет сбор коллекции схем XML
18.01.2022 2:34:47	Идет сбор определяемых пользователем типов данных
18.01.2022 2:34:47	Идет сбор определяемых пользователем типов
18.01.2022 2:34:47	Идет сбор табличных типов
18.01.2022 2:34:47	Сбор уникальных ключей для табличных типов
18.01.2022 2:34:47	Идет сбор первичных ключей для табличных типов
18.01.2022 2:34:47	Сбор индексов для табличных типов
18.01.2022 2:34:47	Идет сбор проверочных ограничений для табличных типов
18.01.2022 2:34:47	Идет сбор ограничений по умолчанию для табличных типов
18.01.2022 2:34:47	Идет сбор функций секционирования
18.01.2022 2:34:47	Идет сбор схем секционирования
18.01.2022 2:34:47	Идет сбор функций
18.01.2022 2:34:47	Сбор зашифрованных функций
18.01.2022 2:34:47	Идет сбор статистических выражений
18.01.2022 2:34:47	Идет сбор процедур
18.01.2022 2:34:47	Сбор зашифрованных процедур
18.01.2022 2:34:47	Идет сбор таблиц
18.01.2022 2:34:47	Идет сбор первичных ключей
18.01.2022 2:34:47	Идет сбор ограничений уникальности
18.01.2022 2:34:47	Идет сбор внешних ключей
18.01.2022 2:34:47	Идет сбор ограничений по умолчанию
18.01.2022 2:34:47	Идет сбор проверочных ограничений
18.01.2022 2:34:47	Идет сбор представлений
18.01.2022 2:34:47	Сбор зашифрованных представлений
18.01.2022 2:34:47	Идет сбор индексов
18.01.2022 2:34:47	Идет сбор статистики
18.01.2022 2:34:47	Идет сбор списков стоп-слов полнотекстовых индексов
18.01.2022 2:34:47	Сбор списков свойств поиска
18.01.2022 2:34:47	Сбор свойств поиска
18.01.2022 2:34:47	Идет сбор полнотекстовых индексов
18.01.2022 2:34:47	Сбор индексов хранилища столбцов
18.01.2022 2:34:47	Идет сбор пространственных индексов
18.01.2022 2:34:47	Идет сбор XML-индексов
18.01.2022 2:34:47	Сбор селективных XML-индексов
18.01.2022 2:34:47	Сбор зашифрованных триггеров
18.01.2022 2:34:47	Идет сбор триггеров
18.01.2022 2:34:47	Идет сбор зашифрованных триггеров и триггеров ddl clr
18.01.2022 2:34:47	Идет сбор триггеров ddl
18.01.2022 2:34:47	Создание ограничений границы
18.01.2022 2:34:47	Идет сбор синонимов
18.01.2022 2:34:47	Идет сбор значений по умолчанию
18.01.2022 2:34:47	Идет сбор привязок uddt ограничений данных
18.01.2022 2:34:47	Идет сбор правил
18.01.2022 2:34:47	Идет сбор привязок uddt ограничений данных
18.01.2022 2:34:47	Идет сбор типов сообщений
18.01.2022 2:34:47	Идет сбор списков ожидания
18.01.2022 2:34:47	Идет сбор контрактов
18.01.2022 2:34:47	Идет сбор служб
18.01.2022 2:34:47	Идет сбор уведомлений о событиях
18.01.2022 2:34:47	Идет сбор привязок удаленных служб
18.01.2022 2:34:47	Идет сбор приоритетов брокера
18.01.2022 2:34:47	Идет сбор подписей
18.01.2022 2:34:47	Идет сбор параметров сжатия данных
18.01.2022 2:34:47	Сбор типов последовательностей
18.01.2022 2:34:47	Идет сбор политик безопасности
18.01.2022 2:34:47	Сбор ключей шифрования столбцов
18.01.2022 2:34:47	Сбор главных ключей столбцов
18.01.2022 2:34:47	Выполняется сбор внешних источников данных
18.01.2022 2:34:47	Выполняется сбор внешних форматов файлов
18.01.2022 2:34:47	Выполняется сбор внешних таблиц
18.01.2022 2:34:47	Идет сбор расширенных свойств
18.01.2022 2:34:47	Идет сбор учетных данных
18.01.2022 2:34:47	Идет сбор имен входа
18.01.2022 2:34:47	Идет сбор аудитов сервера
18.01.2022 2:34:48	Выполняется проверка проекта на наличие повторяющихся элементов
18.01.2022 2:34:48	Обработка повторяющегося элемента завершена
18.01.2022 2:34:50	Импорт базы данных завершен.
18.01.2022 2:34:50	summary операции импорта была сохранена по следующему пути: D:\Repositories\!Learning\Otus_Course_MsSqlDeveloper\Modules\Project\LightCrm\Instance\Журналы импорта схем\Instance_20220117113443.log
18.01.2022 2:34:50	Для продолжения нажмите кнопку ''Готово''...
